<?xml version="1.0" encoding="UTF-8"?>
<!-- Generated by org.testng.reporters.JUnitXMLReporter -->
<testsuite hostname="PC307622" name="IEBrowserValidation" tests="1" failures="0" timestamp="21 Aug 2017 06:31:07 GMT" time="0.0" errors="0">
  <testcase name="@BeforeTest beforeexecution" time="0.0" classname="TestCases.Reg_TC">
    <failure type="java.lang.IllegalStateException" message="The driver executable does not exist: D:\Automation\SupportingJars\chromedriver.exe">
      <![CDATA[java.lang.IllegalStateException: The driver executable does not exist: D:\Automation\SupportingJars\chromedriver.exe
	at com.google.common.base.Preconditions.checkState(Preconditions.java:518)
	at org.openqa.selenium.remote.service.DriverService.checkExecutable(DriverService.java:136)
	at org.openqa.selenium.remote.service.DriverService.findExecutable(DriverService.java:131)
	at org.openqa.selenium.chrome.ChromeDriverService.access$000(ChromeDriverService.java:32)
	at org.openqa.selenium.chrome.ChromeDriverService$Builder.findDefaultExecutable(ChromeDriverService.java:137)
	at org.openqa.selenium.remote.service.DriverService$Builder.build(DriverService.java:330)
	at org.openqa.selenium.chrome.ChromeDriverService.createDefaultService(ChromeDriverService.java:88)
	at org.openqa.selenium.chrome.ChromeDriver.<init>(ChromeDriver.java:124)
	at TestCases.Reg_TC.beforeexecution(Reg_TC.java:36)
... Removed 22 stack frames]]>
    </failure>
  </testcase> <!-- @BeforeTest beforeexecution -->
  <testcase name="@AfterTest afterexecution" time="0.0" classname="TestCases.Reg_TC">
    <skipped/>
  </testcase> <!-- @AfterTest afterexecution -->
  <testcase name="testmethod" time="0.0" classname="TestCases.Reg_TC">
    <skipped/>
  </testcase> <!-- testmethod -->
</testsuite> <!-- IEBrowserValidation -->
